<?xml version="1.0" encoding="UTF-8"?>
<!-- Generated by org.testng.reporters.JUnitReportReporter -->
<testsuite skipped="0" hostname="Digitals-MBP-2" name="src.test.java.com.org.learningmaven.HelloWorldTest" tests="1" failures="0" timestamp="02 Oct 2019 08:06:55 GMT" time="9.165" errors="0">
  <testcase name="loginTest" time="9.165" classname="src.test.java.com.org.learningmaven.HelloWorldTest"/>
</testsuite> <!-- src.test.java.com.org.learningmaven.HelloWorldTest -->
