<?xml version="1.0" encoding="UTF-8"?>
<!-- Generated by org.testng.reporters.JUnitReportReporter -->
<testsuite skipped="0" hostname="Digitals-MBP-2" name="src.test.java.com.org.learningmaven.HelloWorld" tests="1" failures="0" timestamp="02 Oct 2019 07:39:49 GMT" time="0.004" errors="0">
  <testcase name="loginTest" time="0.004" classname="src.test.java.com.org.learningmaven.HelloWorld"/>
</testsuite> <!-- src.test.java.com.org.learningmaven.HelloWorld -->
