<?xml version="1.0" encoding="UTF-8"?>
<!-- Generated by org.testng.reporters.JUnitReportReporter -->
<testsuite name="Listeners.LoginTest" tests="2" time="0.019" ignored="0" failures="0" timestamp="01 Oct 2019 08:51:54 GMT" skipped="0" hostname="Digitals-MBP-2" errors="0">
  <testcase name="loginWithEmail" time="0.018" classname="Listeners.LoginTest"/>
  <testcase name="loginViaFacebook" time="0.001" classname="Listeners.LoginTest"/>
</testsuite> <!-- Listeners.LoginTest -->
