<?xml version="1.0" encoding="UTF-8"?>
<!-- Generated by org.testng.reporters.JUnitReportReporter -->
<testsuite name="MockTest" tests="1" time="12.581" ignored="0" failures="0" timestamp="03 Oct 2019 10:14:00 GMT" skipped="0" hostname="Digitals-MBP-2" errors="0">
  <testcase name="loginTest" time="12.581" classname="MockTest"/>
</testsuite> <!-- MockTest -->
